<?xml version="1.0" encoding="UTF-8"?>
<testng-results skipped="0" failed="0" ignored="0" total="1" passed="1">
  <reporter-output>
  </reporter-output>
  <suite name="AnthonyAuto" duration-ms="110853" started-at="2018-12-22T06:59:12Z" finished-at="2018-12-22T07:01:03Z">
    <groups>
    </groups>
    <test name="WebUI automation test" duration-ms="110853" started-at="2018-12-22T06:59:12Z" finished-at="2018-12-22T07:01:03Z">
      <class name="com.anthony.testCases.TC_NewCustomer_004">
        <test-method status="PASS" signature="setup(java.lang.String)[pri:0, instance:com.anthony.testCases.TC_NewCustomer_004@6a41eaa2]" name="setup" is-config="true" duration-ms="41646" started-at="2018-12-22T14:59:12Z" finished-at="2018-12-22T14:59:54Z">
          <params>
            <param index="0">
              <value>
                <![CDATA[chrome]]>
              </value>
            </param>
          </params>
          <reporter-output>
          </reporter-output>
        </test-method> <!-- setup -->
        <test-method status="PASS" signature="NewCustomer()[pri:0, instance:com.anthony.testCases.TC_NewCustomer_004@6a41eaa2]" name="NewCustomer" duration-ms="68175" started-at="2018-12-22T14:59:54Z" finished-at="2018-12-22T15:01:02Z">
          <reporter-output>
          </reporter-output>
        </test-method> <!-- NewCustomer -->
        <test-method status="PASS" signature="tearDown()[pri:0, instance:com.anthony.testCases.TC_NewCustomer_004@6a41eaa2]" name="tearDown" is-config="true" duration-ms="751" started-at="2018-12-22T15:01:02Z" finished-at="2018-12-22T15:01:03Z">
          <reporter-output>
          </reporter-output>
        </test-method> <!-- tearDown -->
      </class> <!-- com.anthony.testCases.TC_NewCustomer_004 -->
    </test> <!-- WebUI automation test -->
  </suite> <!-- AnthonyAuto -->
</testng-results>
