<?xml version="1.0" encoding="UTF-8"?>
<testng-results skipped="0" failed="0" ignored="0" total="1" passed="1">
  <reporter-output>
  </reporter-output>
  <suite name="AnthonyAuto" duration-ms="148175" started-at="2018-12-22T07:51:49Z" finished-at="2018-12-22T07:54:17Z">
    <groups>
    </groups>
    <test name="WebUI automation test" duration-ms="148175" started-at="2018-12-22T07:51:49Z" finished-at="2018-12-22T07:54:17Z">
      <class name="com.anthony.testCases.TC_NewCustomer_004">
        <test-method status="PASS" signature="setup(java.lang.String)[pri:0, instance:com.anthony.testCases.TC_NewCustomer_004@6a41eaa2]" name="setup" is-config="true" duration-ms="75146" started-at="2018-12-22T15:51:49Z" finished-at="2018-12-22T15:53:04Z">
          <params>
            <param index="0">
              <value>
                <![CDATA[chrome]]>
              </value>
            </param>
          </params>
          <reporter-output>
          </reporter-output>
        </test-method> <!-- setup -->
        <test-method status="PASS" signature="NewCustomer()[pri:0, instance:com.anthony.testCases.TC_NewCustomer_004@6a41eaa2]" name="NewCustomer" duration-ms="71782" started-at="2018-12-22T15:53:04Z" finished-at="2018-12-22T15:54:16Z">
          <reporter-output>
          </reporter-output>
        </test-method> <!-- NewCustomer -->
        <test-method status="PASS" signature="tearDown()[pri:0, instance:com.anthony.testCases.TC_NewCustomer_004@6a41eaa2]" name="tearDown" is-config="true" duration-ms="910" started-at="2018-12-22T15:54:16Z" finished-at="2018-12-22T15:54:17Z">
          <reporter-output>
          </reporter-output>
        </test-method> <!-- tearDown -->
      </class> <!-- com.anthony.testCases.TC_NewCustomer_004 -->
    </test> <!-- WebUI automation test -->
  </suite> <!-- AnthonyAuto -->
</testng-results>
